([)|(u)|(p)|(p)|(e)|(r)|(])|
(A)|(B)|(C)|(D)|(E)|(F)|(G)|(H)|(I)|(J)|(K)|(L)|(M)|(N)|(O)|(P)|(Q)|(R)|(S)|(T)|(U)|(V)|(W)|(X)|(Y)|(Z)|

([)|(l)|(o)|(w)|(e)|(r)|(])|
(a)|(b)|(c)|(e)|(f)|(g)|(h)|(i)|(j)|(k)|(l)|(m)|(n)|(o)|(p)|(q)|(r)|(s)|(t)|(u)|(v)|(w)|(x)|(y)|(z)|

([)|(d)|(i)|(g)|(i)|(t)|(])|
(0)|(1)|(2)|(3)|(4)|(5)|(6)|(7)|(8)|(9)|

([)|(o)|(r)|(d)|(e)|(r)|(1)|(])|
(~)|(!)|(@)|(#)|($)|(%)|(^)|(&)|(*)|(()|())|(_)|(+)|({)|(})|(|)|(:)|(")|(<)|(>)|(?)|(`)|(-)|(=)|([)|(])|(\)|(;)|(')|(,)|(.)|(/)|
(~)|(|)|(!)|(|)|(@)|(|)|(#)|(|)|($)|(|)|(%)|(|)|(^)|(|)|(&)|(|)|(*)|(|)|(()|(|)|())|(|)|(_)|(|)|(+)|(|)|({)|(|)|(})|(|)|(|)|(|)|(:)|(|)|(")|(|)|(<)|(|)|(>)|(|)|(?)|(|)|(`)|(|)|(-)|(|)|(=)|(|)|([)|(|)|(])|(|)|(\)|(|)|(;)|(|)|(')|(|)|(,)|(|)|(.)|(|)|(/)|
(()|(~)|())|(|)|(()|(!)|())|(|)|(()|(@)|())|(|)|(()|(#)|())|(|)|(()|($)|())|(|)|(()|(%)|())|(|)|(()|(^)|())|(|)|(()|(&)|())|(|)|(()|(*)|())|(|)|(()|(()|())|(|)|(()|())|())|(|)|(()|(_)|())|(|)|(()|(+)|())|(|)|(()|({)|())|(|)|(()|(})|())|(|)|(()|(|)|())|(|)|(()|(:)|())|(|)|(()|(")|())|(|)|(()|(<)|())|(|)|(()|(>)|())|(|)|(()|(?)|())|(|)|(()|(`)|())|(|)|(()|(-)|())|(|)|(()|(=)|())|(|)|(()|([)|())|(|)|(()|(])|())|(|)|(()|(\)|())|(|)|(()|(;)|())|(|)|(()|(')|())|(|)|(()|(,)|())|(|)|(()|(.)|())|(|)|(()|(/)|())|

([)|(a)|(l)|(l)|( )|(o)|(r)|(d)|(e)|(r)|(1)|(])|
(A)|(B)|(C)|(D)|(E)|(F)|(G)|(H)|(I)|(J)|(K)|(L)|(M)|(N)|(O)|(P)|(Q)|(R)|(S)|(T)|(U)|(V)|(W)|(X)|(Y)|(Z)|(a)|(b)|(c)|(e)|(f)|(g)|(h)|(i)|(j)|(k)|(l)|(m)|(n)|(o)|(p)|(q)|(r)|(s)|(t)|(u)|(v)|(w)|(x)|(y)|(z)|(1)|(2)|(3)|(4)|(5)|(6)|(7)|(8)|(9)|(0)|(~)|(!)|(@)|(#)|($)|(%)|(^)|(&)|(*)|(()|())|(_)|(+)|({)|(})|(|)|(:)|(")|(<)|(>)|(?)|(`)|(-)|(=)|([)|(])|(\)|(;)|(')|(,)|(.)|(/)|
(A)|(|)|(B)|(|)|(C)|(|)|(D)|(|)|(E)|(|)|(F)|(|)|(G)|(|)|(H)|(|)|(I)|(|)|(J)|(|)|(K)|(|)|(L)|(|)|(M)|(|)|(N)|(|)|(O)|(|)|(P)|(|)|(Q)|(|)|(R)|(|)|(S)|(|)|(T)|(|)|(U)|(|)|(V)|(|)|(W)|(|)|(X)|(|)|(Y)|(|)|(Z)|(|)|(a)|(|)|(b)|(|)|(c)|(|)|(e)|(|)|(f)|(|)|(g)|(|)|(h)|(|)|(i)|(|)|(j)|(|)|(k)|(|)|(l)|(|)|(m)|(|)|(n)|(|)|(o)|(|)|(p)|(|)|(q)|(|)|(r)|(|)|(s)|(|)|(t)|(|)|(u)|(|)|(v)|(|)|(w)|(|)|(x)|(|)|(y)|(|)|(z)|(|)|(1)|(|)|(2)|(|)|(3)|(|)|(4)|(|)|(5)|(|)|(6)|(|)|(7)|(|)|(8)|(|)|(9)|(|)|(0)|(|)|(~)|(|)|(!)|(|)|(@)|(|)|(#)|(|)|($)|(|)|(%)|(|)|(^)|(|)|(&)|(|)|(*)|(|)|(()|(|)|())|(|)|(_)|(|)|(+)|(|)|({)|(|)|(})|(|)|(|)|(|)|(:)|(|)|(")|(|)|(<)|(|)|(>)|(|)|(?)|(|)|(`)|(|)|(-)|(|)|(=)|(|)|([)|(|)|(])|(|)|(\)|(|)|(;)|(|)|(')|(|)|(,)|(|)|(.)|(|)|(/)|
(()|(A)|())|(|)|(()|(B)|())|(|)|(()|(C)|())|(|)|(()|(D)|())|(|)|(()|(E)|())|(|)|(()|(F)|())|(|)|(()|(G)|())|(|)|(()|(H)|())|(|)|(()|(I)|())|(|)|(()|(J)|())|(|)|(()|(K)|())|(|)|(()|(L)|())|(|)|(()|(M)|())|(|)|(()|(N)|())|(|)|(()|(O)|())|(|)|(()|(P)|())|(|)|(()|(Q)|())|(|)|(()|(R)|())|(|)|(()|(S)|())|(|)|(()|(T)|())|(|)|(()|(U)|())|(|)|(()|(V)|())|(|)|(()|(W)|())|(|)|(()|(X)|())|(|)|(()|(Y)|())|(|)|(()|(Z)|())|(|)|(()|(a)|())|(|)|(()|(b)|())|(|)|(()|(c)|())|(|)|(()|(e)|())|(|)|(()|(f)|())|(|)|(()|(g)|())|(|)|(()|(h)|())|(|)|(()|(i)|())|(|)|(()|(j)|())|(|)|(()|(k)|())|(|)|(()|(l)|())|(|)|(()|(m)|())|(|)|(()|(n)|())|(|)|(()|(o)|())|(|)|(()|(p)|())|(|)|(()|(q)|())|(|)|(()|(r)|())|(|)|(()|(s)|())|(|)|(()|(t)|())|(|)|(()|(u)|())|(|)|(()|(v)|())|(|)|(()|(w)|())|(|)|(()|(x)|())|(|)|(()|(y)|())|(|)|(()|(z)|())|( )|(/)|
(|)|(()|(1)|())|(|)|(()|(2)|())|(|)|(()|(3)|())|(|)|(()|(4)|())|(|)|(()|(5)|())|(|)|(()|(6)|())|(|)|(()|(7)|())|(|)|(()|(8)|())|(|)|(()|(9)|())|(|)|(()|(0)|())|(|)|(()|(~)|())|(|)|(()|(!)|())|(|)|(()|(@)|())|(|)|(()|(#)|())|(|)|(()|($)|())|(|)|(()|(%)|())|(|)|(()|(^)|())|(|)|(()|(&)|())|(|)|(()|(*)|())|(|)|(()|(()|())|(|)|(()|())|())|(|)|(()|(_)|())|(|)|(()|(+)|())|(|)|(()|({)|())|(|)|(()|(})|())|(|)|(()|(|)|())|(|)|(()|(:)|())|(|)|(()|(")|())|(|)|(()|(<)|())|(|)|(()|(>)|())|(|)|(()|(?)|())|(|)|(()|(`)|())|(|)|(()|(-)|())|(|)|(()|(=)|())|(|)|(()|([)|())|(|)|(()|(])|())|(|)|(()|(\)|())|(|)|(()|(;)|())|(|)|(()|(')|())|(|)|(()|(,)|())|(|)|(()|(.)|())|(|)|(()|(/)|())|

([)|(o)|(r)|(d)|(e)|(r)|(2)|(])|
(`)|(~)|(!)|(@)|(#)|($)|(%)|(^)|(&)|(*)|(()|())|(-)|(_)|(=)|(+)|([)|({)|(])|(})|(\)|(|)|(;)|(:)|(')|(")|(,)|(<)|(.)|(>)|(/)|(?)|
(`)|(|)|(~)|(|)|(!)|(|)|(@)|(|)|(#)|(|)|($)|(|)|(%)|(|)|(^)|(|)|(&)|(|)|(*)|(|)|(()|(|)|())|(|)|(-)|(|)|(_)|(|)|(=)|(|)|(+)|(|)|([)|(|)|({)|(|)|(])|(|)|(})|(|)|(\)|(|)|(|)|(|)|(;)|(|)|(:)|(|)|(')|(|)|(")|(|)|(,)|(|)|(<)|(|)|(.)|(|)|(>)|(|)|(/)|(|)|(?)|

(A)|(B)|(C)|(D)|(E)|(F)|(G)|(H)|(I)|(J)|(K)|(L)|(M)|(N)|(O)|(P)|(Q)|(R)|(S)|(T)|(U)|(V)|(W)|(X)|(Y)|(Z)|(a)|(b)|(c)|(e)|(f)|(g)|(h)|(i)|(j)|(k)|(l)|(m)|(n)|(o)|(p)|(q)|(r)|(s)|(t)|(u)|(v)|(w)|(x)|(y)|(z)|(1)|(2)|(3)|(4)|(5)|(6)|(7)|(8)|(9)|(0)|(`)|(~)|(!)|(@)|(#)|($)|(%)|(^)|(&)|(*)|(()|())|(-)|(_)|(=)|(+)|([)|({)|(])|(})|(\)|(|)|(;)|(:)|(')|(")|(,)|(<)|(.)|(>)|(/)|(?)|
(A)|(|)|(B)|(|)|(C)|(|)|(D)|(|)|(E)|(|)|(F)|(|)|(G)|(|)|(H)|(|)|(I)|(|)|(J)|(|)|(K)|(|)|(L)|(|)|(M)|(|)|(N)|(|)|(O)|(|)|(P)|(|)|(Q)|(|)|(R)|(|)|(S)|(|)|(T)|(|)|(U)|(|)|(V)|(|)|(W)|(|)|(X)|(|)|(Y)|(|)|(Z)|(|)|(a)|(|)|(b)|(|)|(c)|(|)|(e)|(|)|(f)|(|)|(g)|(|)|(h)|(|)|(i)|(|)|(j)|(|)|(k)|(|)|(l)|(|)|(m)|(|)|(n)|(|)|(o)|(|)|(p)|(|)|(q)|(|)|(r)|(|)|(s)|(|)|(t)|(|)|(u)|(|)|(v)|(|)|(w)|(|)|(x)|(|)|(y)|(|)|(z)|(|)|(1)|(|)|(2)|(|)|(3)|(|)|(4)|(|)|(5)|(|)|(6)|(|)|(7)|(|)|(8)|(|)|(9)|(|)|(0)|(|)|(`)|(|)|(~)|(|)|(!)|(|)|(@)|(|)|(#)|(|)|($)|(|)|(%)|(|)|(^)|(|)|(&)|(|)|(*)|(|)|(()|(|)|())|(|)|(-)|(|)|(_)|(|)|(=)|(|)|(+)|(|)|([)|(|)|({)|(|)|(])|(|)|(})|(|)|(\)|(|)|(|)|(|)|(;)|(|)|(:)|(|)|(')|(|)|(")|(|)|(,)|(|)|(<)|(|)|(.)|(|)|(>)|(|)|(/)|(|)|(?)|


([)|(m)|(i)|(s)|(c)|(])|
([)|(~)|(!)|(@)|(#)|($)|(%)|(^)|(&)|(*)|(\)|(()|(\)|())|(_)|(+)|({)|(})|(|)|(:)|(")|(<)|(>)|(?)|(`)|(-)|(=)|(\)|([)|(\)|(])|(\)|(\)|(;)|(')|(,)|(.)|(/)|(])|
(R)|(")|(()|(~)|(!)|(@)|(#)|($)|(%)|(^)|(&)|(*)|(\)|(()|(\)|())|(_)|(+)|({)|(})|(|)|(:)|(")|(<)|(>)|(?)|(`)|(-)|(=)|([)|(])|(\)|(;)|(')|(,)|(.)|(/)|())|(")|
(R)|(")|(()|(`)|(~)|(!)|(@)|(#)|($)|(%)|(^)|(&)|(*)|(\)|(()|(\)|())|(-)|(_)|(=)|(+)|([)|({)|(])|(})|(\)|(|)|(;)|(:)|(')|(")|(,)|(<)|(.)|(>)|(/)|(?)|())|(")|




(R)|(")|(()|(~)|())|(")|(|)|(R)|(")|(()|(!)|())|(")|(|)|(R)|(")|(()|(@)|())|(")|(|)|(R)|(")|(()|(#)|())|(")|(|)|(R)|(")|(()|($)|())|(")|(|)|(R)|(")|(()|(%)|())|(")|(|)|(R)|(")|(()|(^)|())|(")|(|)|(R)|(")|(()|(&)|())|(")|(|)|(R)|(")|(()|(*)|())|(")|(|)|(R)|(")|(()|(()|())|(")|(|)|(R)|(")|(()|())|())|(")|(|)|(R)|(")|(()|(_)|())|(")|(|)|(R)|(")|(()|(+)|())|(")|(|)|(R)|(")|(()|({)|())|(")|(|)|(R)|(")|(()|(})|())|(")|(|)|(R)|(")|(()|(|)|())|(")|(|)|(R)|(")|(()|(:)|())|(")|(|)|(R)|(")|(()|(")|())|(")|(|)|(R)|(")|(()|(<)|())|(")|(|)|(R)|(")|(()|(>)|())|(")|(|)|(R)|(")|(()|(?)|())|(")|(|)|(R)|(")|(()|(`)|())|(")|(|)|(R)|(")|(()|(-)|())|(")|(|)|(R)|(")|(()|(=)|())|(")|(|)|(R)|(")|(()|([)|())|(")|(|)|(R)|(")|(()|(])|())|(")|(|)|(R)|(")|(()|(\)|())|(")|(|)|(R)|(")|(()|(;)|())|(")|(|)|(R)|(")|(()|(')|())|(")|(|)|(R)|(")|(()|(,)|())|(")|(|)|(R)|(")|(()|(.)|())|(")|(|)|(R)|(")|(()|(/)|())|(")|
(R)|(")|(()|(`)|())|(")|(|)|(R)|(")|(()|(~)|())|(")|(|)|(R)|(")|(()|(!)|())|(")|(|)|(R)|(")|(()|(@)|())|(")|(|)|(R)|(")|(()|(#)|())|(")|(|)|(R)|(")|(()|($)|())|(")|(|)|(R)|(")|(()|(%)|())|(")|(|)|(R)|(")|(()|(^)|())|(")|(|)|(R)|(")|(()|(&)|())|(")|(|)|(R)|(")|(()|(*)|())|(")|(|)|(R)|(")|(()|(()|())|(")|(|)|(R)|(")|(()|())|())|(")|(|)|(R)|(")|(()|(-)|())|(")|(|)|(R)|(")|(()|(_)|())|(")|(|)|(R)|(")|(()|(=)|())|(")|(|)|(R)|(")|(()|(+)|())|(")|(|)|(R)|(")|(()|([)|())|(")|(|)|(R)|(")|(()|({)|())|(")|(|)|(R)|(")|(()|(])|())|(")|(|)|(R)|(")|(()|(})|())|(")|(|)|(R)|(")|(()|(\)|())|(")|(|)|(R)|(")|(()|(|)|())|(")|(|)|(R)|(")|(()|(;)|())|(")|(|)|(R)|(")|(()|(:)|())|(")|(|)|(R)|(")|(()|(')|())|(")|(|)|(R)|(")|(()|(")|())|(")|(|)|(R)|(")|(()|(,)|())|(")|(|)|(R)|(")|(()|(<)|())|(")|(|)|(R)|(")|(()|(.)|())|(")|(|)|(R)|(")|(()|(>)|())|(")|(|)|(R)|(")|(()|(/)|())|(")|(|)|(R)|(")|(()|(?)|())|(")|
